<?xml version="1.0" encoding="UTF-8"?>
<!-- Generated by org.testng.reporters.JUnitXMLReporter -->
<testsuite hostname="NOCQA-2011" ignored="0" name="Chrome Test 35" tests="9" failures="0" timestamp="2019-12-17T20:49:51 SGT" time="1.986" errors="0">
  <testcase name="appleSite" time="0.0" classname="com.wtech.grid.TestParallel">
    <skipped/>
  </testcase> <!-- appleSite -->
  <testcase name="appleSite" time="0.0" classname="com.wtech.grid.TestParallel">
    <skipped/>
  </testcase> <!-- appleSite -->
  <testcase name="appleSite" time="0.0" classname="com.wtech.grid.TestParallel">
    <skipped/>
  </testcase> <!-- appleSite -->
  <testcase name="appleSite" time="0.0" classname="com.wtech.grid.TestParallel">
    <skipped/>
  </testcase> <!-- appleSite -->
  <testcase name="appleSite" time="0.0" classname="com.wtech.grid.TestParallel">
    <skipped/>
  </testcase> <!-- appleSite -->
  <testcase name="appleSite" time="0.0" classname="com.wtech.grid.TestParallel">
    <skipped/>
  </testcase> <!-- appleSite -->
  <testcase name="appleSite" time="0.0" classname="com.wtech.grid.TestParallel">
    <skipped/>
  </testcase> <!-- appleSite -->
  <testcase name="appleSite" time="0.0" classname="com.wtech.grid.TestParallel">
    <skipped/>
  </testcase> <!-- appleSite -->
  <testcase name="appleSite" time="0.0" classname="com.wtech.grid.TestParallel">
    <skipped/>
  </testcase> <!-- appleSite -->
</testsuite> <!-- Chrome Test 35 -->
