<?xml version="1.0" encoding="UTF-8"?>
<!-- Generated by org.testng.reporters.JUnitXMLReporter -->
<testsuite hostname="NOCQA-2011" ignored="0" name="Chrome" tests="2" failures="0" timestamp="2019-12-16T15:00:08 SGT" time="51.984" errors="0">
  <testcase name="@BeforeTest beforeTest" time="0.01" classname="com.wtech.grid.TestParallel">
    <failure type="java.lang.NullPointerException">
      <![CDATA[java.lang.NullPointerException
at com.wtech.grid.TestParallel.beforeTest(TestParallel.java:109)
at java.util.concurrent.FutureTask.run(Unknown Source)
at java.util.concurrent.ThreadPoolExecutor.runWorker(Unknown Source)
at java.util.concurrent.ThreadPoolExecutor$Worker.run(Unknown Source)
at java.lang.Thread.run(Unknown Source)
... Removed 15 stack frames]]>
    </failure>
  </testcase> <!-- @BeforeTest beforeTest -->
  <testcase name="@AfterMethod tearDown" time="-1.576479556464E9" classname="com.wtech.grid.TestParallel">
    <skipped/>
  </testcase> <!-- @AfterMethod tearDown -->
  <testcase name="appleSite" time="0.0" classname="com.wtech.grid.TestParallel">
    <skipped/>
  </testcase> <!-- appleSite -->
  <testcase name="appleSite" time="9.415" classname="com.wtech.grid.TestParallel"/>
</testsuite> <!-- Chrome -->
