<?xml version="1.0" encoding="UTF-8"?>
<!-- Generated by org.testng.reporters.JUnitXMLReporter -->
<testsuite hostname="NOCQA-2011" ignored="0" name="Chrome Test 42" tests="2" failures="0" timestamp="2019-12-17T20:49:58 SGT" time="0.818" errors="0">
  <testcase name="appleSite" time="0.774" classname="com.wtech.grid.TestParallel"/>
  <testcase name="appleSite" time="0.0" classname="com.wtech.grid.TestParallel">
    <skipped/>
  </testcase> <!-- appleSite -->
</testsuite> <!-- Chrome Test 42 -->
