<?xml version="1.0" encoding="UTF-8"?>
<!-- Generated by org.testng.reporters.JUnitXMLReporter -->
<testsuite hostname="NOCQA-2011" ignored="0" name="Chrome Test 14" tests="2" failures="0" timestamp="2019-12-18T12:22:39 SGT" time="7.296" errors="0">
  <testcase name="appleSite" time="0.0" classname="com.wtech.grid.TestParallel">
    <skipped/>
  </testcase> <!-- appleSite -->
  <testcase name="appleSite" time="0.0" classname="com.wtech.grid.TestParallel">
    <skipped/>
  </testcase> <!-- appleSite -->
</testsuite> <!-- Chrome Test 14 -->
