<?xml version="1.0" encoding="UTF-8"?>
<!-- Generated by org.testng.reporters.JUnitXMLReporter -->
<testsuite hostname="NOCQA-2011" ignored="0" name="Chrome Test 19" tests="3" failures="0" timestamp="2019-12-18T12:23:12 SGT" time="35.894" errors="0">
  <testcase name="appleSite" time="0.0" classname="com.wtech.grid.TestParallel">
    <skipped/>
  </testcase> <!-- appleSite -->
  <testcase name="appleSite" time="40.98" classname="com.wtech.grid.TestParallel"/>
  <testcase name="appleSite" time="30.344" classname="com.wtech.grid.TestParallel"/>
</testsuite> <!-- Chrome Test 19 -->
