<?xml version="1.0" encoding="UTF-8"?>
<testng-results ignored="0" total="1" passed="1" failed="0" skipped="0">
  <reporter-output>
  </reporter-output>
  <suite started-at="2020-03-02T16:42:25 PST" name="Suite" finished-at="2020-03-02T16:42:47 PST" duration-ms="22020">
    <groups>
    </groups>
    <test started-at="2020-03-02T16:42:25 PST" name="Test" finished-at="2020-03-02T16:42:47 PST" duration-ms="22020">
      <class name="testsuites.New_Compaign_Brand_Awareness">
        <test-method is-config="true" signature="initializeTestBaseSetup(java.lang.String, java.lang.String)[pri:0, instance:testsuites.New_Compaign_Brand_Awareness@3ce1e309]" started-at="2020-03-02T16:42:25 PST" name="initializeTestBaseSetup" finished-at="2020-03-02T16:42:43 PST" duration-ms="17901" status="PASS">
          <params>
            <param index="0">
              <value>
                <![CDATA[firefox]]>
              </value>
            </param>
            <param index="1">
              <value>
                <![CDATA[https://www.facebook.com]]>
              </value>
            </param>
          </params>
          <reporter-output>
          </reporter-output>
        </test-method> <!-- initializeTestBaseSetup -->
        <test-method is-config="true" signature="setUp(org.testng.ITestContext)[pri:0, instance:testsuites.New_Compaign_Brand_Awareness@3ce1e309]" started-at="2020-03-02T16:42:43 PST" name="setUp" finished-at="2020-03-02T16:42:43 PST" duration-ms="2" status="PASS">
          <params>
            <param index="0">
              <value>
                <![CDATA[org.testng.TestRunner@7351a16e]]>
              </value>
            </param>
          </params>
          <reporter-output>
          </reporter-output>
        </test-method> <!-- setUp -->
        <test-method signature="testMethod1(java.lang.String, java.lang.String)[pri:0, instance:testsuites.New_Compaign_Brand_Awareness@3ce1e309]" started-at="2020-03-02T16:42:43 PST" name="testMethod1" finished-at="2020-03-02T16:42:47 PST" duration-ms="4068" status="PASS">
          <params>
            <param index="0">
              <value>
                <![CDATA[monnsitob@gmail.com]]>
              </value>
            </param>
            <param index="1">
              <value>
                <![CDATA[prulifeuk1]]>
              </value>
            </param>
          </params>
          <reporter-output>
          </reporter-output>
        </test-method> <!-- testMethod1 -->
      </class> <!-- testsuites.New_Compaign_Brand_Awareness -->
    </test> <!-- Test -->
  </suite> <!-- Suite -->
</testng-results>
