<?xml version="1.0" encoding="UTF-8"?>
<!-- Generated by org.testng.reporters.JUnitXMLReporter -->
<testsuite hostname="NOCQA-2011" ignored="0" name="Chrome Test 2" tests="3" failures="0" timestamp="2019-12-16T15:19:08 SGT" time="62.88" errors="0">
  <testcase name="appleSite" time="14.216" classname="com.wtech.grid.TestParallel"/>
  <testcase name="appleSite" time="12.103" classname="com.wtech.grid.TestParallel"/>
  <testcase name="appleSite" time="15.962" classname="com.wtech.grid.TestParallel"/>
</testsuite> <!-- Chrome Test 2 -->
