<?xml version="1.0" encoding="UTF-8"?>
<testng-results ignored="0" total="1" passed="1" failed="0" skipped="0">
  <reporter-output>
  </reporter-output>
  <suite started-at="2020-03-08T14:51:30 PST" name="Suite" finished-at="2020-03-08T14:52:06 PST" duration-ms="35917">
    <groups>
    </groups>
    <test started-at="2020-03-08T14:51:30 PST" name="Test" finished-at="2020-03-08T14:52:06 PST" duration-ms="35917">
      <class name="testsuites.PlanIT">
        <test-method is-config="true" signature="initializeTestBaseSetup(java.lang.String, java.lang.String)[pri:0, instance:testsuites.PlanIT@32eff876]" started-at="2020-03-08T14:51:30 PST" name="initializeTestBaseSetup" finished-at="2020-03-08T14:51:48 PST" duration-ms="17228" status="PASS">
          <params>
            <param index="0">
              <value>
                <![CDATA[firefox]]>
              </value>
            </param>
            <param index="1">
              <value>
                <![CDATA[http://automationpractice.com/index.php]]>
              </value>
            </param>
          </params>
          <reporter-output>
          </reporter-output>
        </test-method> <!-- initializeTestBaseSetup -->
        <test-method is-config="true" signature="setUp(org.testng.ITestContext)[pri:0, instance:testsuites.PlanIT@32eff876]" started-at="2020-03-08T14:51:48 PST" name="setUp" finished-at="2020-03-08T14:51:48 PST" duration-ms="1" status="PASS">
          <params>
            <param index="0">
              <value>
                <![CDATA[org.testng.TestRunner@28501a4b]]>
              </value>
            </param>
          </params>
          <reporter-output>
          </reporter-output>
        </test-method> <!-- setUp -->
        <test-method signature="testMethod1()[pri:0, instance:testsuites.PlanIT@32eff876]" started-at="2020-03-08T14:51:48 PST" name="testMethod1" finished-at="2020-03-08T14:52:06 PST" duration-ms="18645" status="PASS">
          <reporter-output>
          </reporter-output>
        </test-method> <!-- testMethod1 -->
      </class> <!-- testsuites.PlanIT -->
    </test> <!-- Test -->
  </suite> <!-- Suite -->
</testng-results>
