<?xml version="1.0" encoding="UTF-8"?>
<testng-results ignored="0" total="1" passed="1" failed="0" skipped="0">
  <reporter-output>
  </reporter-output>
  <suite started-at="2019-11-27T16:01:39 SGT" name="Suite" finished-at="2019-11-27T16:01:55 SGT" duration-ms="16419">
    <groups>
    </groups>
    <test started-at="2019-11-27T16:01:39 SGT" name="Test" finished-at="2019-11-27T16:01:55 SGT" duration-ms="16419">
      <class name="testsuites.TestCase1">
        <test-method is-config="true" signature="initializeTestBaseSetup(java.lang.String, java.lang.String)[pri:0, instance:testsuites.TestCase1@7334aada]" started-at="2019-11-27T16:01:39 SGT" name="initializeTestBaseSetup" finished-at="2019-11-27T16:01:53 SGT" duration-ms="14781" status="PASS">
          <params>
            <param index="0">
              <value>
                <![CDATA[firefox]]>
              </value>
            </param>
            <param index="1">
              <value>
                <![CDATA[https://id.atlassian.com/login]]>
              </value>
            </param>
          </params>
          <reporter-output>
          </reporter-output>
        </test-method> <!-- initializeTestBaseSetup -->
        <test-method is-config="true" signature="setUp(org.testng.ITestContext)[pri:0, instance:testsuites.TestCase1@7334aada]" started-at="2019-11-27T16:01:53 SGT" name="setUp" finished-at="2019-11-27T16:01:53 SGT" duration-ms="1" status="PASS">
          <params>
            <param index="0">
              <value>
                <![CDATA[org.testng.TestRunner@4074023c]]>
              </value>
            </param>
          </params>
          <reporter-output>
          </reporter-output>
        </test-method> <!-- setUp -->
        <test-method signature="testMethod1()[pri:0, instance:testsuites.TestCase1@7334aada]" started-at="2019-11-27T16:01:53 SGT" name="testMethod1" finished-at="2019-11-27T16:01:55 SGT" duration-ms="1602" status="PASS">
          <reporter-output>
          </reporter-output>
        </test-method> <!-- testMethod1 -->
      </class> <!-- testsuites.TestCase1 -->
    </test> <!-- Test -->
  </suite> <!-- Suite -->
</testng-results>
