<?xml version="1.0" encoding="UTF-8"?>
<testng-results skipped="0" failed="0" ignored="0" total="1" passed="1">
  <reporter-output>
  </reporter-output>
  <suite name="Suite" duration-ms="82503" started-at="2019-12-18T14:36:45 SGT" finished-at="2019-12-18T14:38:07 SGT">
    <groups>
    </groups>
    <test name="Chrome Test 1" duration-ms="82503" started-at="2019-12-18T14:36:45 SGT" finished-at="2019-12-18T14:38:07 SGT">
      <class name="com.wtech.grid.TestParallel">
        <test-method status="PASS" signature="beforeTest(java.lang.String, java.lang.String)[pri:0, instance:com.wtech.grid.TestParallel@6e6c3152]" name="beforeTest" is-config="true" duration-ms="45491" started-at="2019-12-18T14:36:45 SGT" finished-at="2019-12-18T14:37:30 SGT">
          <params>
            <param index="0">
              <value>
                <![CDATA[chrome]]>
              </value>
            </param>
            <param index="1">
              <value>
                <![CDATA[http://172.16.127.35:4546/wd/hub]]>
              </value>
            </param>
          </params>
          <reporter-output>
          </reporter-output>
        </test-method> <!-- beforeTest -->
        <test-method status="PASS" signature="appleSite()[pri:0, instance:com.wtech.grid.TestParallel@6e6c3152]" name="appleSite" duration-ms="36824" started-at="2019-12-18T14:37:30 SGT" finished-at="2019-12-18T14:38:07 SGT">
          <reporter-output>
          </reporter-output>
        </test-method> <!-- appleSite -->
        <test-method status="PASS" signature="tearDown()[pri:0, instance:com.wtech.grid.TestParallel@6e6c3152]" name="tearDown" is-config="true" duration-ms="166" started-at="2019-12-18T14:38:07 SGT" finished-at="2019-12-18T14:38:07 SGT">
          <reporter-output>
          </reporter-output>
        </test-method> <!-- tearDown -->
      </class> <!-- com.wtech.grid.TestParallel -->
    </test> <!-- Chrome Test 1 -->
  </suite> <!-- Suite -->
</testng-results>
